<html>
<head>
<title>TestNG:  Default test</title>
<link href="../testng.css" rel="stylesheet" type="text/css" />
<link href="../my-testng.css" rel="stylesheet" type="text/css" />

<style type="text/css">
.log { display: none;} 
.stack-trace { display: none;} 
</style>
<script type="text/javascript">
<!--
function flip(e) {
  current = e.style.display;
  if (current == 'block') {
    e.style.display = 'none';
    return 0;
  }
  else {
    e.style.display = 'block';
    return 1;
  }
}

function toggleBox(szDivId, elem, msg1, msg2)
{
  var res = -1;  if (document.getElementById) {
    res = flip(document.getElementById(szDivId));
  }
  else if (document.all) {
    // this is the way old msie versions work
    res = flip(document.all[szDivId]);
  }
  if(elem) {
    if(res == 0) elem.innerHTML = msg1; else elem.innerHTML = msg2;
  }

}

function toggleAllBoxes() {
  if (document.getElementsByTagName) {
    d = document.getElementsByTagName('div');
    for (i = 0; i < d.length; i++) {
      if (d[i].className == 'log') {
        flip(d[i]);
      }
    }
  }
}

// -->
</script>

</head>
<body>
<h2 align='center'>Default test</h2><table border='1' align="center">
<tr>
<td>Tests passed/Failed/Skipped:</td><td>7/1/0</td>
</tr><tr>
<td>Started on:</td><td>Wed Nov 22 10:50:16 GMT 2023</td>
</tr>
<tr><td>Total time:</td><td>48 seconds (48149 ms)</td>
</tr><tr>
<td>Included groups:</td><td></td>
</tr><tr>
<td>Excluded groups:</td><td></td>
</tr>
</table><p/>
<small><i>(Hover the method name to see the test class name)</i></small><p/>
<table width='100%' border='1' class='invocation-failed'>
<tr><td colspan='4' align='center'><b>FAILED TESTS</b></td></tr>
<tr><td><b>Test method</b></td>
<td width="30%"><b>Exception</b></td>
<td width="10%"><b>Time (seconds)</b></td>
<td><b>Instance</b></td>
</tr>
<tr>
<td title='com.example.runner.CucumberRunnerTests.runScenario()'><b>runScenario</b><br>Test class: com.example.runner.CucumberRunnerTests<br>Test method: Runs Cucumber Scenarios<br>Parameters: "Verify FaceBook Icon on Login Page", "Login to HRM Application"</td>
<td><div><pre>org.openqa.selenium.NoSuchElementException: no such element: Unable to locate element: {&quot;method&quot;:&quot;xpath&quot;,&quot;selector&quot;:&quot;//*[@href=&apos;https://www.facebook.com/OrangeHRM/mycompany&apos;]&quot;}
  (Session info: chrome=119.0.6045.160)
For documentation on this error, please visit: https://www.selenium.dev/documentation/webdriver/troubleshooting/errors#no-such-element-exception
Build info: version: &apos;4.15.0&apos;, revision: &apos;1d14b5521b&apos;
System info: os.name: &apos;Windows 11&apos;, os.arch: &apos;amd64&apos;, os.version: &apos;10.0&apos;, java.version: &apos;17.0.4&apos;
Driver info: org.openqa.selenium.chrome.ChromeDriver
Command: [97c9173409c8e6963c5e74ac95466139, findElement {using=xpath, value=//*[@href=&apos;https://www.facebook.com/OrangeHRM/mycompany&apos;]}]
Capabilities {acceptInsecureCerts: false, browserName: chrome, browserVersion: 119.0.6045.160, chrome: {chromedriverVersion: 119.0.6045.105 (38c72552c5e..., userDataDir: C:\Users\ykv12\AppData\Loca...}, fedcm:accounts: true, goog:chromeOptions: {debuggerAddress: localhost:53789}, networkConnectionEnabled: false, pageLoadStrategy: normal, platformName: windows, proxy: Proxy(), se:cdp: ws://localhost:53789/devtoo..., se:cdpVersion: 119.0.6045.160, setWindowRect: true, strictFileInteractability: false, timeouts: {implicit: 0, pageLoad: 300000, script: 30000}, unhandledPromptBehavior: dismiss and notify, webauthn:extension:credBlob: true, webauthn:extension:largeBlob: true, webauthn:extension:minPinLength: true, webauthn:extension:prf: true, webauthn:virtualAuthenticators: true}
Session ID: 97c9173409c8e6963c5e74ac95466139
	at java.base/jdk.internal.reflect.NativeConstructorAccessorImpl.newInstance0(Native Method)
	at java.base/jdk.internal.reflect.NativeConstructorAccessorImpl.newInstance(NativeConstructorAccessorImpl.java:77)
	at java.base/jdk.internal.reflect.DelegatingConstructorAccessorImpl.newInstance(DelegatingConstructorAccessorImpl.java:45)
	at java.base/java.lang.reflect.Constructor.newInstanceWithCaller(Constructor.java:499)
	at java.base/java.lang.reflect.Constructor.newInstance(Constructor.java:480)
	at org.openqa.selenium.remote.codec.w3c.W3CHttpResponseCodec.createException(W3CHttpResponseCodec.java:200)
	at org.openqa.selenium.remote.codec.w3c.W3CHttpResponseCodec.decode(W3CHttpResponseCodec.java:133)
	at org.openqa.selenium.remote.codec.w3c.W3CHttpResponseCodec.decode(W3CHttpResponseCodec.java:52)
	at org.openqa.selenium.remote.HttpCommandExecutor.execute(HttpCommandExecutor.java:191)
	at org.openqa.selenium.remote.service.DriverCommandExecutor.invokeExecute(DriverCommandExecutor.java:200)
	at org.openqa.selenium.remote.service.DriverCommandExecutor.execute(DriverCommandExecutor.java:175)
	at org.openqa.selenium.remote.RemoteWebDriver.execute(RemoteWebDriver.java:607)
	at org.openqa.selenium.remote.ElementLocation$ElementFinder$2.findElement(ElementLocation.java:165)
	at org.openqa.selenium.remote.ElementLocation.findElement(ElementLocation.java:59)
	at org.openqa.selenium.remote.RemoteWebDriver.findElement(RemoteWebDriver.java:364)
	at org.openqa.selenium.remote.RemoteWebDriver.findElement(RemoteWebDriver.java:358)
	at org.openqa.selenium.support.pagefactory.DefaultElementLocator.findElement(DefaultElementLocator.java:68)
	at org.openqa.selenium.support.pagefactory.internal.LocatingElementHandler.invoke(LocatingElementHandler.java:38)
	at jdk.proxy2/jdk.proxy2.$Proxy27.isDisplayed(Unknown Source)
	at com.example.actions.LoginPageActions.getFaceBookIcon(LoginPageActions.java:64)
	at com.example.definitions.LoginPageDefinitions.verifyFaceBookIcon(LoginPageDefinitions.java:75)
	at ✽.User should be able to see FaceBook Icon(file:///C:/Users/ykv12/eclipse-workspace-personnal/ExtentReports5Cucumber7TestNG/src/test/resources/features/LoginPage.feature:34)
</pre></div><a href='#' onClick='toggleBox("stack-trace425033914", this, "Click to show all stack frames", "Click to hide stack frames")'>Click to show all stack frames</a>
<div class='stack-trace' id='stack-trace425033914'><pre>org.openqa.selenium.NoSuchElementException: no such element: Unable to locate element: {&quot;method&quot;:&quot;xpath&quot;,&quot;selector&quot;:&quot;//*[@href=&apos;https://www.facebook.com/OrangeHRM/mycompany&apos;]&quot;}
  (Session info: chrome=119.0.6045.160)
For documentation on this error, please visit: https://www.selenium.dev/documentation/webdriver/troubleshooting/errors#no-such-element-exception
Build info: version: &apos;4.15.0&apos;, revision: &apos;1d14b5521b&apos;
System info: os.name: &apos;Windows 11&apos;, os.arch: &apos;amd64&apos;, os.version: &apos;10.0&apos;, java.version: &apos;17.0.4&apos;
Driver info: org.openqa.selenium.chrome.ChromeDriver
Command: [97c9173409c8e6963c5e74ac95466139, findElement {using=xpath, value=//*[@href=&apos;https://www.facebook.com/OrangeHRM/mycompany&apos;]}]
Capabilities {acceptInsecureCerts: false, browserName: chrome, browserVersion: 119.0.6045.160, chrome: {chromedriverVersion: 119.0.6045.105 (38c72552c5e..., userDataDir: C:\Users\ykv12\AppData\Loca...}, fedcm:accounts: true, goog:chromeOptions: {debuggerAddress: localhost:53789}, networkConnectionEnabled: false, pageLoadStrategy: normal, platformName: windows, proxy: Proxy(), se:cdp: ws://localhost:53789/devtoo..., se:cdpVersion: 119.0.6045.160, setWindowRect: true, strictFileInteractability: false, timeouts: {implicit: 0, pageLoad: 300000, script: 30000}, unhandledPromptBehavior: dismiss and notify, webauthn:extension:credBlob: true, webauthn:extension:largeBlob: true, webauthn:extension:minPinLength: true, webauthn:extension:prf: true, webauthn:virtualAuthenticators: true}
Session ID: 97c9173409c8e6963c5e74ac95466139
	at java.base/jdk.internal.reflect.NativeConstructorAccessorImpl.newInstance0(Native Method)
	at java.base/jdk.internal.reflect.NativeConstructorAccessorImpl.newInstance(NativeConstructorAccessorImpl.java:77)
	at java.base/jdk.internal.reflect.DelegatingConstructorAccessorImpl.newInstance(DelegatingConstructorAccessorImpl.java:45)
	at java.base/java.lang.reflect.Constructor.newInstanceWithCaller(Constructor.java:499)
	at java.base/java.lang.reflect.Constructor.newInstance(Constructor.java:480)
	at org.openqa.selenium.remote.codec.w3c.W3CHttpResponseCodec.createException(W3CHttpResponseCodec.java:200)
	at org.openqa.selenium.remote.codec.w3c.W3CHttpResponseCodec.decode(W3CHttpResponseCodec.java:133)
	at org.openqa.selenium.remote.codec.w3c.W3CHttpResponseCodec.decode(W3CHttpResponseCodec.java:52)
	at org.openqa.selenium.remote.HttpCommandExecutor.execute(HttpCommandExecutor.java:191)
	at org.openqa.selenium.remote.service.DriverCommandExecutor.invokeExecute(DriverCommandExecutor.java:200)
	at org.openqa.selenium.remote.service.DriverCommandExecutor.execute(DriverCommandExecutor.java:175)
	at org.openqa.selenium.remote.RemoteWebDriver.execute(RemoteWebDriver.java:607)
	at org.openqa.selenium.remote.ElementLocation$ElementFinder$2.findElement(ElementLocation.java:165)
	at org.openqa.selenium.remote.ElementLocation.findElement(ElementLocation.java:59)
	at org.openqa.selenium.remote.RemoteWebDriver.findElement(RemoteWebDriver.java:364)
	at org.openqa.selenium.remote.RemoteWebDriver.findElement(RemoteWebDriver.java:358)
	at org.openqa.selenium.support.pagefactory.DefaultElementLocator.findElement(DefaultElementLocator.java:68)
	at org.openqa.selenium.support.pagefactory.internal.LocatingElementHandler.invoke(LocatingElementHandler.java:38)
	at jdk.proxy2/jdk.proxy2.$Proxy27.isDisplayed(Unknown Source)
	at com.example.actions.LoginPageActions.getFaceBookIcon(LoginPageActions.java:64)
	at com.example.definitions.LoginPageDefinitions.verifyFaceBookIcon(LoginPageDefinitions.java:75)
	at ✽.User should be able to see FaceBook Icon(file:///C:/Users/ykv12/eclipse-workspace-personnal/ExtentReports5Cucumber7TestNG/src/test/resources/features/LoginPage.feature:34)
</pre></div></td>
<td>13</td>
<td>com.example.runner.CucumberRunnerTests@54e1c68b</td></tr>
</table><p>
<table width='100%' border='1' class='invocation-passed'>
<tr><td colspan='4' align='center'><b>PASSED TESTS</b></td></tr>
<tr><td><b>Test method</b></td>
<td width="30%"><b>Exception</b></td>
<td width="10%"><b>Time (seconds)</b></td>
<td><b>Instance</b></td>
</tr>
<tr>
<td title='com.example.runner.CucumberRunnerTests.runScenario()'><b>runScenario</b><br>Test class: com.example.runner.CucumberRunnerTests<br>Test method: Runs Cucumber Scenarios<br>Parameters: "Login with invalid credentials", "Login to HRM Application"</td>
<td></td>
<td>5</td>
<td>com.example.runner.CucumberRunnerTests@54e1c68b</td></tr>
<tr>
<td title='com.example.runner.CucumberRunnerTests.runScenario()'><b>runScenario</b><br>Test class: com.example.runner.CucumberRunnerTests<br>Test method: Runs Cucumber Scenarios<br>Parameters: "Login with blank username", "Login to HRM Application"</td>
<td></td>
<td>3</td>
<td>com.example.runner.CucumberRunnerTests@54e1c68b</td></tr>
<tr>
<td title='com.example.runner.CucumberRunnerTests.runScenario()'><b>runScenario</b><br>Test class: com.example.runner.CucumberRunnerTests<br>Test method: Runs Cucumber Scenarios<br>Parameters: "Verify ForgetPassword link on Login Page", "Login to HRM Application"</td>
<td></td>
<td>3</td>
<td>com.example.runner.CucumberRunnerTests@54e1c68b</td></tr>
<tr>
<td title='com.example.runner.CucumberRunnerTests.runScenario()'><b>runScenario</b><br>Test class: com.example.runner.CucumberRunnerTests<br>Test method: Runs Cucumber Scenarios<br>Parameters: "Login with invalid credentials", "Login to HRM Application"</td>
<td></td>
<td>4</td>
<td>com.example.runner.CucumberRunnerTests@54e1c68b</td></tr>
<tr>
<td title='com.example.runner.CucumberRunnerTests.runScenario()'><b>runScenario</b><br>Test class: com.example.runner.CucumberRunnerTests<br>Test method: Runs Cucumber Scenarios<br>Parameters: "Login with invalid credentials", "Login to HRM Application"</td>
<td></td>
<td>4</td>
<td>com.example.runner.CucumberRunnerTests@54e1c68b</td></tr>
<tr>
<td title='com.example.runner.CucumberRunnerTests.runScenario()'><b>runScenario</b><br>Test class: com.example.runner.CucumberRunnerTests<br>Test method: Runs Cucumber Scenarios<br>Parameters: "Verify LinkedIn Icon on Login Page", "Login to HRM Application"</td>
<td></td>
<td>3</td>
<td>com.example.runner.CucumberRunnerTests@54e1c68b</td></tr>
<tr>
<td title='com.example.runner.CucumberRunnerTests.runScenario()'><b>runScenario</b><br>Test class: com.example.runner.CucumberRunnerTests<br>Test method: Runs Cucumber Scenarios<br>Parameters: "Login with valid credentials", "Login to HRM Application"</td>
<td></td>
<td>5</td>
<td>com.example.runner.CucumberRunnerTests@54e1c68b</td></tr>
</table><p>
</body>
</html>